2025-07-21T15:40:22.580+08:00  INFO 3140 --- [main] c.example.demo_new.DemoNewApplication    : Starting DemoNewApplication using Java 17.0.11 with PID 3140 (C:\Users\camel\workspace\SBTraining\demo-new\target\classes started by camel in C:\Users\camel\workspace\SBTraining\demo-new)
2025-07-21T15:40:22.585+08:00  INFO 3140 --- [main] c.example.demo_new.DemoNewApplication    : No active profile set, falling back to 1 default profile: "default"
2025-07-21T15:40:24.447+08:00  INFO 3140 --- [main] .s.d.r.c.RepositoryConfigurationDelegate : Bootstrapping Spring Data JPA repositories in DEFAULT mode.
2025-07-21T15:40:24.484+08:00  INFO 3140 --- [main] .s.d.r.c.RepositoryConfigurationDelegate : Finished Spring Data repository scanning in 20 ms. Found 0 JPA repository interfaces.
2025-07-21T15:40:25.628+08:00  INFO 3140 --- [main] o.s.b.w.embedded.tomcat.TomcatWebServer  : Tomcat initialized with port(s): 8080 (http)
2025-07-21T15:40:25.641+08:00  INFO 3140 --- [main] o.apache.catalina.core.StandardService   : Starting service [Tomcat]
2025-07-21T15:40:25.642+08:00  INFO 3140 --- [main] o.apache.catalina.core.StandardEngine    : Starting Servlet engine: [Apache Tomcat/10.1.5]
2025-07-21T15:40:25.823+08:00  INFO 3140 --- [main] o.a.c.c.C.[Tomcat].[localhost].[/]       : Initializing Spring embedded WebApplicationContext
2025-07-21T15:40:25.825+08:00  INFO 3140 --- [main] w.s.c.ServletWebServerApplicationContext : Root WebApplicationContext: initialization completed in 3140 ms
2025-07-21T15:40:26.243+08:00  INFO 3140 --- [main] o.hibernate.jpa.internal.util.LogHelper  : HHH000204: Processing PersistenceUnitInfo [name: default]
2025-07-21T15:40:26.372+08:00  INFO 3140 --- [main] org.hibernate.Version                    : HHH000412: Hibernate ORM core version 6.1.7.Final
2025-07-21T15:40:26.995+08:00  INFO 3140 --- [main] com.zaxxer.hikari.HikariDataSource       : HikariPool-1 - Starting...
2025-07-21T15:40:27.300+08:00  INFO 3140 --- [main] com.zaxxer.hikari.pool.HikariPool        : HikariPool-1 - Added connection com.mysql.cj.jdbc.ConnectionImpl@352e5a82
2025-07-21T15:40:27.304+08:00  INFO 3140 --- [main] com.zaxxer.hikari.HikariDataSource       : HikariPool-1 - Start completed.
2025-07-21T15:40:27.338+08:00  INFO 3140 --- [main] SQL dialect                              : HHH000400: Using dialect: org.hibernate.dialect.MySQL8Dialect
2025-07-21T15:40:27.341+08:00  WARN 3140 --- [main] org.hibernate.orm.deprecation            : HHH90000026: MySQL8Dialect has been deprecated; use org.hibernate.dialect.MySQLDialect instead
2025-07-21T15:40:27.839+08:00  INFO 3140 --- [main] o.h.e.t.j.p.i.JtaPlatformInitiator       : HHH000490: Using JtaPlatform implementation: [org.hibernate.engine.transaction.jta.platform.internal.NoJtaPlatform]
2025-07-21T15:40:27.859+08:00  INFO 3140 --- [main] j.LocalContainerEntityManagerFactoryBean : Initialized JPA EntityManagerFactory for persistence unit 'default'
2025-07-21T15:40:28.100+08:00  WARN 3140 --- [main] JpaBaseConfiguration$JpaWebConfiguration : spring.jpa.open-in-view is enabled by default. Therefore, database queries may be performed during view rendering. Explicitly configure spring.jpa.open-in-view to disable this warning
2025-07-21T15:40:29.902+08:00  WARN 3140 --- [main] .s.s.UserDetailsServiceAutoConfiguration : 

Using generated security password: 62503bbd-0618-4d82-b194-4d9970852823

This generated password is for development use only. Your security configuration must be updated before running your application in production.

2025-07-21T15:40:30.088+08:00  INFO 3140 --- [main] o.s.b.a.e.web.EndpointLinksResolver      : Exposing 1 endpoint(s) beneath base path '/actuator'
2025-07-21T15:40:30.113+08:00  INFO 3140 --- [main] o.s.s.web.DefaultSecurityFilterChain     : Will secure any request with [org.springframework.security.web.session.DisableEncodeUrlFilter@10b2c1cf, org.springframework.security.web.context.request.async.WebAsyncManagerIntegrationFilter@20a25f66, org.springframework.security.web.context.SecurityContextHolderFilter@197180a5, org.springframework.security.web.header.HeaderWriterFilter@54ef9698, org.springframework.web.filter.CorsFilter@488279d3, org.springframework.security.web.csrf.CsrfFilter@3fcc7f5c, org.springframework.security.web.authentication.logout.LogoutFilter@59043741, org.springframework.security.web.authentication.UsernamePasswordAuthenticationFilter@51b41740, org.springframework.security.web.authentication.ui.DefaultLoginPageGeneratingFilter@a6204e4, org.springframework.security.web.authentication.ui.DefaultLogoutPageGeneratingFilter@27575bcd, org.springframework.security.web.authentication.www.BasicAuthenticationFilter@1504b493, org.springframework.security.web.savedrequest.RequestCacheAwareFilter@68f75a35, org.springframework.security.web.servletapi.SecurityContextHolderAwareRequestFilter@32a074ed, org.springframework.security.web.authentication.AnonymousAuthenticationFilter@21ed4a51, org.springframework.security.web.access.ExceptionTranslationFilter@66e218d8, org.springframework.security.web.access.intercept.AuthorizationFilter@57ab4b33]
2025-07-21T15:40:30.354+08:00  INFO 3140 --- [main] o.s.b.w.embedded.tomcat.TomcatWebServer  : Tomcat started on port(s): 8080 (http) with context path ''
2025-07-21T15:40:30.381+08:00  INFO 3140 --- [main] c.example.demo_new.DemoNewApplication    : Started DemoNewApplication in 8.669 seconds (process running for 9.854)
2025-07-21T15:40:45.017+08:00  INFO 3140 --- [http-nio-8080-exec-2] o.a.c.c.C.[Tomcat].[localhost].[/]       : Initializing Spring DispatcherServlet 'dispatcherServlet'
2025-07-21T15:40:45.017+08:00  INFO 3140 --- [http-nio-8080-exec-2] o.s.web.servlet.DispatcherServlet        : Initializing Servlet 'dispatcherServlet'
2025-07-21T15:40:45.019+08:00  INFO 3140 --- [http-nio-8080-exec-2] o.s.web.servlet.DispatcherServlet        : Completed initialization in 1 ms
